<?xml version="1.0" encoding="UTF-8"?>
<!-- Generated by org.testng.reporters.JUnitReportReporter -->
<testsuite skipped="0" hostname="DESKTOP-R419J0U" name="com.TESTCASES.LoginPageTESTCASE" tests="2" failures="0" timestamp="2020-07-30T07:08:10 IST" time="47.033" errors="0">
  <testcase name="actitimeLogoValidateTest" time="26.657" classname="com.TESTCASES.LoginPageTESTCASE"/>
  <system-out/>
  <testcase name="loginTest" time="20.376" classname="com.TESTCASES.LoginPageTESTCASE"/>
  <system-out/>
</testsuite> <!-- com.TESTCASES.LoginPageTESTCASE -->
