<?xml version="1.0" encoding="UTF-8"?>
<!-- Generated by org.testng.reporters.JUnitReportReporter -->
<testsuite hostname="FTSSM015" failures="0" tests="1" name="com.TESTCASES.HomePageTESTCASE" time="19.197" errors="0" timestamp="2020-09-17T12:32:21 IST" skipped="0">
  <testcase classname="com.TESTCASES.HomePageTESTCASE" name="taskLink" time="19.197"/>
  <system-out/>
</testsuite> <!-- com.TESTCASES.HomePageTESTCASE -->
